<?xml version="1.0" encoding="UTF-8"?>
<testsuite name="CoffeeShop.ReportUITest" tests="1" skipped="0" failures="0" errors="0" timestamp="2019-03-04T14:54:05" hostname="jerubbaal.local" time="0.017">
  <properties/>
  <testcase name="testInstanceCreatedSuccessfully" classname="CoffeeShop.ReportUITest" time="0.017"/>
  <system-out><![CDATA[]]></system-out>
  <system-err><![CDATA[]]></system-err>
</testsuite>
