<?xml version="1.0" encoding="UTF-8"?>
<testsuite name="CoffeeShop.CustomerUITest" tests="1" skipped="0" failures="0" errors="0" timestamp="2019-03-04T14:54:03" hostname="jerubbaal.local" time="2.375">
  <properties/>
  <testcase name="testInstanceCreatedSuccessfully" classname="CoffeeShop.CustomerUITest" time="2.375"/>
  <system-out><![CDATA[]]></system-out>
  <system-err><![CDATA[]]></system-err>
</testsuite>
