<?xml version="1.0" encoding="UTF-8"?>
<testsuite name="CoffeeShop.CoffeeShopModelTest" tests="1" skipped="0" failures="0" errors="0" timestamp="2019-03-04T14:54:05" hostname="jerubbaal.local" time="0.0">
  <properties/>
  <testcase name="testInstanceCreatedSuccessfully" classname="CoffeeShop.CoffeeShopModelTest" time="0.0"/>
  <system-out><![CDATA[]]></system-out>
  <system-err><![CDATA[]]></system-err>
</testsuite>
